<?xml version="1.0" encoding="UTF-8"?>
<testsuite xmlns:xsi="http://www.w3.org/2001/XMLSchema-instance" xsi:noNamespaceSchemaLocation="https://maven.apache.org/surefire/maven-surefire-plugin/xsd/surefire-test-report-3.0.xsd" version="3.0" name="com.cisco.msx.platform.model.LegacyAddressTest" time="0.003" tests="10" errors="0" skipped="0" failures="0">
  <properties>
    <property name="java.specification.version" value="16"/>
    <property name="sun.jnu.encoding" value="UTF-8"/>
    <property name="java.class.path" value="/Users/hagraham/Projects/msx-platform-specs/java/java-msx-sdk/target/test-classes:/Users/hagraham/Projects/msx-platform-specs/java/java-msx-sdk/target/classes:/Users/hagraham/.m2/repository/io/swagger/swagger-annotations/1.6.2/swagger-annotations-1.6.2.jar:/Users/hagraham/.m2/repository/com/google/code/findbugs/jsr305/3.0.2/jsr305-3.0.2.jar:/Users/hagraham/.m2/repository/com/squareup/okhttp3/okhttp/4.9.1/okhttp-4.9.1.jar:/Users/hagraham/.m2/repository/com/squareup/okio/okio/2.8.0/okio-2.8.0.jar:/Users/hagraham/.m2/repository/org/jetbrains/kotlin/kotlin-stdlib-common/1.4.0/kotlin-stdlib-common-1.4.0.jar:/Users/hagraham/.m2/repository/org/jetbrains/kotlin/kotlin-stdlib/1.4.10/kotlin-stdlib-1.4.10.jar:/Users/hagraham/.m2/repository/org/jetbrains/annotations/13.0/annotations-13.0.jar:/Users/hagraham/.m2/repository/com/squareup/okhttp3/logging-interceptor/4.9.1/logging-interceptor-4.9.1.jar:/Users/hagraham/.m2/repository/org/jetbrains/kotlin/kotlin-stdlib-jdk8/1.4.10/kotlin-stdlib-jdk8-1.4.10.jar:/Users/hagraham/.m2/repository/org/jetbrains/kotlin/kotlin-stdlib-jdk7/1.4.10/kotlin-stdlib-jdk7-1.4.10.jar:/Users/hagraham/.m2/repository/com/google/code/gson/gson/2.8.6/gson-2.8.6.jar:/Users/hagraham/.m2/repository/io/gsonfire/gson-fire/1.8.5/gson-fire-1.8.5.jar:/Users/hagraham/.m2/repository/org/apache/commons/commons-lang3/3.11/commons-lang3-3.11.jar:/Users/hagraham/.m2/repository/javax/annotation/javax.annotation-api/1.3.2/javax.annotation-api-1.3.2.jar:/Users/hagraham/.m2/repository/junit/junit/4.13.1/junit-4.13.1.jar:/Users/hagraham/.m2/repository/org/hamcrest/hamcrest-core/1.3/hamcrest-core-1.3.jar:"/>
    <property name="java.vm.vendor" value="Oracle Corporation"/>
    <property name="sun.arch.data.model" value="64"/>
    <property name="java.vendor.url" value="https://java.oracle.com/"/>
    <property name="os.name" value="Mac OS X"/>
    <property name="java.vm.specification.version" value="16"/>
    <property name="sun.java.launcher" value="SUN_STANDARD"/>
    <property name="user.country" value="US"/>
    <property name="sun.boot.library.path" value="/Users/hagraham/Library/Java/JavaVirtualMachines/openjdk-16/Contents/Home/lib"/>
    <property name="sun.java.command" value="/Users/hagraham/Projects/msx-platform-specs/java/java-msx-sdk/target/surefire/surefirebooter9589370423443403393.jar /Users/hagraham/Projects/msx-platform-specs/java/java-msx-sdk/target/surefire 2021-03-26T14-27-16_420-jvmRun1 surefire9010523088755654595tmp surefire_014571697718076582149tmp"/>
    <property name="http.nonProxyHosts" value="local|*.local|169.254/16|*.169.254/16"/>
    <property name="jdk.debug" value="release"/>
    <property name="surefire.test.class.path" value="/Users/hagraham/Projects/msx-platform-specs/java/java-msx-sdk/target/test-classes:/Users/hagraham/Projects/msx-platform-specs/java/java-msx-sdk/target/classes:/Users/hagraham/.m2/repository/io/swagger/swagger-annotations/1.6.2/swagger-annotations-1.6.2.jar:/Users/hagraham/.m2/repository/com/google/code/findbugs/jsr305/3.0.2/jsr305-3.0.2.jar:/Users/hagraham/.m2/repository/com/squareup/okhttp3/okhttp/4.9.1/okhttp-4.9.1.jar:/Users/hagraham/.m2/repository/com/squareup/okio/okio/2.8.0/okio-2.8.0.jar:/Users/hagraham/.m2/repository/org/jetbrains/kotlin/kotlin-stdlib-common/1.4.0/kotlin-stdlib-common-1.4.0.jar:/Users/hagraham/.m2/repository/org/jetbrains/kotlin/kotlin-stdlib/1.4.10/kotlin-stdlib-1.4.10.jar:/Users/hagraham/.m2/repository/org/jetbrains/annotations/13.0/annotations-13.0.jar:/Users/hagraham/.m2/repository/com/squareup/okhttp3/logging-interceptor/4.9.1/logging-interceptor-4.9.1.jar:/Users/hagraham/.m2/repository/org/jetbrains/kotlin/kotlin-stdlib-jdk8/1.4.10/kotlin-stdlib-jdk8-1.4.10.jar:/Users/hagraham/.m2/repository/org/jetbrains/kotlin/kotlin-stdlib-jdk7/1.4.10/kotlin-stdlib-jdk7-1.4.10.jar:/Users/hagraham/.m2/repository/com/google/code/gson/gson/2.8.6/gson-2.8.6.jar:/Users/hagraham/.m2/repository/io/gsonfire/gson-fire/1.8.5/gson-fire-1.8.5.jar:/Users/hagraham/.m2/repository/org/apache/commons/commons-lang3/3.11/commons-lang3-3.11.jar:/Users/hagraham/.m2/repository/javax/annotation/javax.annotation-api/1.3.2/javax.annotation-api-1.3.2.jar:/Users/hagraham/.m2/repository/junit/junit/4.13.1/junit-4.13.1.jar:/Users/hagraham/.m2/repository/org/hamcrest/hamcrest-core/1.3/hamcrest-core-1.3.jar:"/>
    <property name="sun.cpu.endian" value="little"/>
    <property name="user.home" value="/Users/hagraham"/>
    <property name="user.language" value="en"/>
    <property name="java.specification.vendor" value="Oracle Corporation"/>
    <property name="java.version.date" value="2021-03-16"/>
    <property name="java.home" value="/Users/hagraham/Library/Java/JavaVirtualMachines/openjdk-16/Contents/Home"/>
    <property name="file.separator" value="/"/>
    <property name="basedir" value="/Users/hagraham/Projects/msx-platform-specs/java/java-msx-sdk"/>
    <property name="java.vm.compressedOopsMode" value="Zero based"/>
    <property name="line.separator" value="&#10;"/>
    <property name="java.specification.name" value="Java Platform API Specification"/>
    <property name="java.vm.specification.vendor" value="Oracle Corporation"/>
    <property name="surefire.real.class.path" value="/Users/hagraham/Projects/msx-platform-specs/java/java-msx-sdk/target/surefire/surefirebooter9589370423443403393.jar"/>
    <property name="sun.management.compiler" value="HotSpot 64-Bit Tiered Compilers"/>
    <property name="ftp.nonProxyHosts" value="local|*.local|169.254/16|*.169.254/16"/>
    <property name="java.runtime.version" value="16+36-2231"/>
    <property name="user.name" value="hagraham"/>
    <property name="path.separator" value=":"/>
    <property name="os.version" value="10.15.7"/>
    <property name="java.runtime.name" value="OpenJDK Runtime Environment"/>
    <property name="file.encoding" value="UTF-8"/>
    <property name="java.vm.name" value="OpenJDK 64-Bit Server VM"/>
    <property name="localRepository" value="/Users/hagraham/.m2/repository"/>
    <property name="java.vendor.url.bug" value="https://bugreport.java.com/bugreport/"/>
    <property name="java.io.tmpdir" value="/var/folders/r0/24tvs4ld0_323y09nv7bznqc0000gn/T/"/>
    <property name="java.version" value="16"/>
    <property name="user.dir" value="/Users/hagraham/Projects/msx-platform-specs/java/java-msx-sdk"/>
    <property name="os.arch" value="x86_64"/>
    <property name="java.vm.specification.name" value="Java Virtual Machine Specification"/>
    <property name="java.library.path" value="/Users/hagraham/Library/Java/Extensions:/Library/Java/Extensions:/Network/Library/Java/Extensions:/System/Library/Java/Extensions:/usr/lib/java:."/>
    <property name="java.vm.info" value="mixed mode, sharing"/>
    <property name="java.vendor" value="Oracle Corporation"/>
    <property name="java.vm.version" value="16+36-2231"/>
    <property name="sun.io.unicode.encoding" value="UnicodeBig"/>
    <property name="socksNonProxyHosts" value="local|*.local|169.254/16|*.169.254/16"/>
    <property name="java.class.version" value="60.0"/>
    <property name="loggerPath" value="conf/log4j.properties"/>
  </properties>
  <testcase name="stateTest" classname="com.cisco.msx.platform.model.LegacyAddressTest" time="0.003"/>
  <testcase name="nameTest" classname="com.cisco.msx.platform.model.LegacyAddressTest" time="0"/>
  <testcase name="displayNameTest" classname="com.cisco.msx.platform.model.LegacyAddressTest" time="0"/>
  <testcase name="testLegacyAddress" classname="com.cisco.msx.platform.model.LegacyAddressTest" time="0"/>
  <testcase name="address2Test" classname="com.cisco.msx.platform.model.LegacyAddressTest" time="0"/>
  <testcase name="companyTest" classname="com.cisco.msx.platform.model.LegacyAddressTest" time="0"/>
  <testcase name="address1Test" classname="com.cisco.msx.platform.model.LegacyAddressTest" time="0"/>
  <testcase name="cityTest" classname="com.cisco.msx.platform.model.LegacyAddressTest" time="0"/>
  <testcase name="postCodeTest" classname="com.cisco.msx.platform.model.LegacyAddressTest" time="0"/>
  <testcase name="countryTest" classname="com.cisco.msx.platform.model.LegacyAddressTest" time="0"/>
</testsuite>